Build started 9.6.2015 г. 16:33:37 ч..
     1>Project "C:\Users\Wizs\documents\visual studio 2010\Projects\ANN\ANN\ANN.vcxproj" on node 2 (build target(s)).
     1>InitializeBuildStatus:
         Creating "Release\ANN.unsuccessfulbuild" because "AlwaysCreate" was specified.
       ClCompile:
         C:\Program Files (x86)\Microsoft Visual Studio 10.0\VC\bin\CL.exe /c /Zi /nologo /W3 /WX- /O2 /Oi /Oy- /GL /D _MBCS /Gm- /EHsc /MD /GS /Gy /fp:precise /Zc:wchar_t /Zc:forScope /Fo"Release\\" /Fd"Release\vc100.pdb" /Gd /TP /analyze- /errorReport:prompt 1.cpp
         1.cpp
     1>1.cpp(181): warning C4244: 'argument' : conversion from 'time_t' to 'unsigned int', possible loss of data
       Link:
         C:\Program Files (x86)\Microsoft Visual Studio 10.0\VC\bin\link.exe /ERRORREPORT:PROMPT /OUT:"C:\Users\Wizs\documents\visual studio 2010\Projects\ANN\Release\ANN.exe" /NOLOGO kernel32.lib user32.lib gdi32.lib winspool.lib comdlg32.lib advapi32.lib shell32.lib ole32.lib oleaut32.lib uuid.lib odbc32.lib odbccp32.lib /MANIFEST /ManifestFile:"Release\ANN.exe.intermediate.manifest" /MANIFESTUAC:"level='asInvoker' uiAccess='false'" /DEBUG /PDB:"C:\Users\Wizs\documents\visual studio 2010\Projects\ANN\Release\ANN.pdb" /OPT:REF /OPT:ICF /LTCG /TLBID:1 /DYNAMICBASE /NXCOMPAT /IMPLIB:"C:\Users\Wizs\documents\visual studio 2010\Projects\ANN\Release\ANN.lib" /MACHINE:X86 Release\1.obj
         Generating code
     1>c:\users\wizs\documents\visual studio 2010\projects\ann\ann\1.cpp(135): warning C4700: uninitialized local variable 'sum' used
         Finished generating code
         ANN.vcxproj -> C:\Users\Wizs\documents\visual studio 2010\Projects\ANN\Release\ANN.exe
       Manifest:
         C:\Program Files (x86)\Microsoft SDKs\Windows\v7.0A\bin\mt.exe /nologo /verbose /outputresource:"C:\Users\Wizs\documents\visual studio 2010\Projects\ANN\Release\ANN.exe;#1" /manifest Release\ANN.exe.intermediate.manifest
       FinalizeBuildStatus:
         Deleting file "Release\ANN.unsuccessfulbuild".
         Touching "Release\ANN.lastbuildstate".
     1>Done Building Project "C:\Users\Wizs\documents\visual studio 2010\Projects\ANN\ANN\ANN.vcxproj" (build target(s)).

Build succeeded.

Time Elapsed 00:00:00.76
